<?xml version="1.0" encoding="UTF-8"?>
<!-- Generated by org.testng.reporters.JUnitXMLReporter -->
<testsuite ignored="0" hostname="DESKTOP-VBRUKDA" failures="0" tests="3" name="Default test" time="1.068" errors="0" timestamp="2023-07-20T21:33:58 IST">
  <testcase classname="datadriven.exceldataprovider.datadriventestcase" name="testcasedata" time="0.014"/>
  <testcase classname="datadriven.exceldataprovider.datadriventestcase" name="testcasedata" time="0.008"/>
  <testcase classname="datadriven.exceldataprovider.datadriventestcase" name="testcasedata" time="0.01"/>
</testsuite> <!-- Default test -->
