<?xml version="1.0" encoding="UTF-8"?>
<testng-results ignored="0" total="3" passed="3" failed="0" skipped="0">
  <reporter-output>
  </reporter-output>
  <suite started-at="2023-07-20T21:33:57 IST" name="Default suite" finished-at="2023-07-20T21:33:58 IST" duration-ms="1068">
    <groups>
    </groups>
    <test started-at="2023-07-20T21:33:57 IST" name="Default test" finished-at="2023-07-20T21:33:58 IST" duration-ms="1068">
      <class name="datadriven.exceldataprovider.datadriventestcase">
        <test-method signature="testcasedata(java.lang.String,java.lang.String,java.lang.String)[pri:0, instance:datadriven.exceldataprovider.datadriventestcase@4201c465]" started-at="2023-07-20T21:33:58 IST" name="testcasedata" data-provider="driventest" finished-at="2023-07-20T21:33:58 IST" duration-ms="14" status="PASS">
          <params>
            <param index="0">
              <value>
                <![CDATA[Hello]]>
              </value>
            </param>
            <param index="1">
              <value>
                <![CDATA[Bye]]>
              </value>
            </param>
            <param index="2">
              <value>
                <![CDATA[12]]>
              </value>
            </param>
          </params>
          <reporter-output>
          </reporter-output>
        </test-method> <!-- testcasedata -->
        <test-method signature="testcasedata(java.lang.String,java.lang.String,java.lang.String)[pri:0, instance:datadriven.exceldataprovider.datadriventestcase@4201c465]" started-at="2023-07-20T21:33:58 IST" name="testcasedata" data-provider="driventest" finished-at="2023-07-20T21:33:58 IST" duration-ms="8" status="PASS">
          <params>
            <param index="0">
              <value>
                <![CDATA[Hi]]>
              </value>
            </param>
            <param index="1">
              <value>
                <![CDATA[SeeuSoon]]>
              </value>
            </param>
            <param index="2">
              <value>
                <![CDATA[14]]>
              </value>
            </param>
          </params>
          <reporter-output>
          </reporter-output>
        </test-method> <!-- testcasedata -->
        <test-method signature="testcasedata(java.lang.String,java.lang.String,java.lang.String)[pri:0, instance:datadriven.exceldataprovider.datadriventestcase@4201c465]" started-at="2023-07-20T21:33:58 IST" name="testcasedata" data-provider="driventest" finished-at="2023-07-20T21:33:58 IST" duration-ms="10" status="PASS">
          <params>
            <param index="0">
              <value>
                <![CDATA[Namaste]]>
              </value>
            </param>
            <param index="1">
              <value>
                <![CDATA[Vandenagalu]]>
              </value>
            </param>
            <param index="2">
              <value>
                <![CDATA[16]]>
              </value>
            </param>
          </params>
          <reporter-output>
          </reporter-output>
        </test-method> <!-- testcasedata -->
      </class> <!-- datadriven.exceldataprovider.datadriventestcase -->
    </test> <!-- Default test -->
  </suite> <!-- Default suite -->
</testng-results>
